#
# A fatal error has been detected by the Java Runtime Environment:
#
#  EXCEPTION_ACCESS_VIOLATION (0xc0000005) at pc=0x033dc9ce, pid=2472, tid=3136
#
# JRE version: 6.0_29-b11
# Java VM: Java HotSpot(TM) Client VM (20.4-b02 mixed mode, sharing windows-x86 )
# Problematic frame:
# C  [s3gIGPgl.dll+0x14c9ce]
#
# If you would like to submit a bug report, please visit:
#   http://java.sun.com/webapps/bugreport/crash.jsp
# The crash happened outside the Java Virtual Machine in native code.
# See problematic frame for where to report the bug.
#

---------------  T H R E A D  ---------------

Current thread (0x002b6800):  JavaThread "main" [_thread_in_native, id=3136, stack(0x008c0000,0x00910000)]

siginfo: ExceptionCode=0xc0000005, reading address 0x05b48000

Registers:
EAX=0xe2285200, EBX=0x32a75a90, ECX=0x3889a8cb, EDX=0x05b2d12c
ESP=0x0090fa44, EBP=0x049b4ca0, ESI=0x05b48000, EDI=0x04d2aef4
EIP=0x033dc9ce, EFLAGS=0x00210202

Top of Stack: (sp=0x0090fa44)
0x0090fa44:   0000000a 049b4ca0 0090fabc 32a75a90
0x0090fa54:   05b2d12c 00000000 00919fc7 033df764
0x0090fa64:   049b4ca0 04c6fd78 002b6800 32a75a90
0x0090fa74:   1000a5d9 0000000a 00919fc7 002b6928
0x0090fa84:   0090fac4 0000000a 5f1828d8 00000000
0x0090fa94:   00000000 32a8a838 0090fa9c 00000000
0x0090faa4:   0090fad4 32a90068 00000000 32a75a90
0x0090fab4:   00000000 0090facc 0090faf8 00912e21 

Instructions: (pc=0x033dc9ce)
0x033dc9ae:   f1 8b 54 24 10 8b 4a 44 0f af 4a 3c 8b bd 88 97
0x033dc9be:   00 00 8d 0c 8d 60 01 00 00 8b c1 c1 e9 02 8b f2
0x033dc9ce:   f3 a5 8b c8 83 e1 03 f3 a4 8b 4a 1c 8b 72 08 8b
0x033dc9de:   bd 98 97 00 00 03 c9 8b c1 c1 e9 02 f3 a5 8b c8 


Register to memory mapping:

EAX=0xe2285200 is an unknown value
EBX=0x32a75a90 is an oop
{method} 
 - klass: {other class}
ECX=0x3889a8cb is an unknown value
EDX=0x05b2d12c is an unknown value
ESP=0x0090fa44 is pointing into the stack for thread: 0x002b6800
EBP=0x049b4ca0 is an unknown value
ESI=0x05b48000 is an unknown value
EDI=0x04d2aef4 is an unknown value


Stack: [0x008c0000,0x00910000],  sp=0x0090fa44,  free space=318k
Native frames: (J=compiled Java code, j=interpreted, Vv=VM code, C=native code)
C  [s3gIGPgl.dll+0x14c9ce]

Java frames: (J=compiled Java code, j=interpreted, Vv=VM code)
j  org.lwjgl.opengl.GL11.nglCallList(IJ)V+0
j  org.lwjgl.opengl.GL11.glCallList(I)V+15
j  org.newdawn.slick.opengl.renderer.ImmediateModeOGLRenderer.glCallList(I)V+1
j  org.newdawn.slick.AngelCodeFont.drawString(FFLjava/lang/String;Lorg/newdawn/slick/Color;II)V+72
j  org.newdawn.slick.AngelCodeFont.drawString(FFLjava/lang/String;Lorg/newdawn/slick/Color;)V+13
j  org.newdawn.slick.Graphics.drawString(Ljava/lang/String;FF)V+15
j  GameState.Options.render(Lorg/newdawn/slick/GameContainer;Lorg/newdawn/slick/state/StateBasedGame;Lorg/newdawn/slick/Graphics;)V+95
j  org.newdawn.slick.state.StateBasedGame.render(Lorg/newdawn/slick/GameContainer;Lorg/newdawn/slick/Graphics;)V+54
j  org.newdawn.slick.GameContainer.updateAndRender(I)V+300
j  org.newdawn.slick.AppGameContainer.gameLoop()V+33
j  org.newdawn.slick.AppGameContainer.start()V+17
j  tcc.Main.main([Ljava/lang/String;)V+41
v  ~StubRoutines::call_stub

---------------  P R O C E S S  ---------------

Java Threads: ( => current thread )
  0x02fd0800 JavaThread "Thread-5" daemon [_thread_blocked, id=3940, stack(0x06940000,0x06990000)]
  0x05807800 JavaThread "HSQLDB Timer @e0b6f5" daemon [_thread_blocked, id=640, stack(0x068f0000,0x06940000)]
  0x02edb000 JavaThread "AWT-Windows" daemon [_thread_in_native, id=2116, stack(0x031f0000,0x03240000)]
  0x02ed6800 JavaThread "Java2D Disposer" daemon [_thread_blocked, id=3332, stack(0x03150000,0x031a0000)]
  0x02b57800 JavaThread "Low Memory Detector" daemon [_thread_blocked, id=2032, stack(0x02dd0000,0x02e20000)]
  0x02b51c00 JavaThread "C1 CompilerThread0" daemon [_thread_blocked, id=1412, stack(0x02d80000,0x02dd0000)]
  0x02b50000 JavaThread "Attach Listener" daemon [_thread_blocked, id=544, stack(0x02d30000,0x02d80000)]
  0x02b4ec00 JavaThread "Signal Dispatcher" daemon [_thread_blocked, id=2280, stack(0x02ce0000,0x02d30000)]
  0x02b4b400 JavaThread "Finalizer" daemon [_thread_blocked, id=3020, stack(0x02c90000,0x02ce0000)]
  0x02b46800 JavaThread "Reference Handler" daemon [_thread_blocked, id=2396, stack(0x02c40000,0x02c90000)]
=>0x002b6800 JavaThread "main" [_thread_in_native, id=3136, stack(0x008c0000,0x00910000)]

Other Threads:
  0x02b0a800 VMThread [stack: 0x02bf0000,0x02c40000] [id=1864]
  0x02b62800 WatcherThread [stack: 0x02e20000,0x02e70000] [id=612]

VM state:not at safepoint (normal execution)

VM Mutex/Monitor currently owned by a thread: None

Heap
 def new generation   total 4992K, used 823K [0x22910000, 0x22e70000, 0x27e60000)
  eden space 4480K,   6% used [0x22910000, 0x2295dd98, 0x22d70000)
  from space 512K, 100% used [0x22df0000, 0x22e70000, 0x22e70000)
  to   space 512K,   0% used [0x22d70000, 0x22d70000, 0x22df0000)
 tenured generation   total 22548K, used 13884K [0x27e60000, 0x29465000, 0x32910000)
   the space 22548K,  61% used [0x27e60000, 0x28bef038, 0x28bef200, 0x29465000)
 compacting perm gen  total 12288K, used 5483K [0x32910000, 0x33510000, 0x36910000)
   the space 12288K,  44% used [0x32910000, 0x32e6aec8, 0x32e6b000, 0x33510000)
    ro space 10240K,  54% used [0x36910000, 0x36e8daf0, 0x36e8dc00, 0x37310000)
    rw space 12288K,  55% used [0x37310000, 0x379b1ce8, 0x379b1e00, 0x37f10000)

Code Cache  [0x00910000, 0x00a08000, 0x02910000)
 total_blobs=563 nmethods=291 adapters=208 free_code_cache=32544960 largest_free_block=0

Dynamic libraries:
0x00400000 - 0x00424000 	C:\Arquivos de programas\Java\jdk1.6.0_29\bin\java.exe
0x7c900000 - 0x7c9b6000 	C:\WINDOWS\system32\ntdll.dll
0x7c800000 - 0x7c900000 	C:\WINDOWS\system32\kernel32.dll
0x77f50000 - 0x77ffb000 	C:\WINDOWS\system32\ADVAPI32.dll
0x77db0000 - 0x77e43000 	C:\WINDOWS\system32\RPCRT4.dll
0x77f20000 - 0x77f31000 	C:\WINDOWS\system32\Secur32.dll
0x7c340000 - 0x7c396000 	C:\Arquivos de programas\Java\jdk1.6.0_29\jre\bin\msvcr71.dll
0x6d8a0000 - 0x6db4f000 	C:\Arquivos de programas\Java\jdk1.6.0_29\jre\bin\client\jvm.dll
0x7e360000 - 0x7e3f1000 	C:\WINDOWS\system32\USER32.dll
0x77e50000 - 0x77e99000 	C:\WINDOWS\system32\GDI32.dll
0x76b20000 - 0x76b4e000 	C:\WINDOWS\system32\WINMM.dll
0x76360000 - 0x7637d000 	C:\WINDOWS\system32\IMM32.DLL
0x6d850000 - 0x6d85c000 	C:\Arquivos de programas\Java\jdk1.6.0_29\jre\bin\verify.dll
0x6d3d0000 - 0x6d3ef000 	C:\Arquivos de programas\Java\jdk1.6.0_29\jre\bin\java.dll
0x6d890000 - 0x6d89f000 	C:\Arquivos de programas\Java\jdk1.6.0_29\jre\bin\zip.dll
0x10000000 - 0x1004b000 	F:\git\TCC\lwjgl native\native\windows\lwjgl.dll
0x5f180000 - 0x5f24c000 	C:\WINDOWS\system32\OPENGL32.dll
0x77bf0000 - 0x77c48000 	C:\WINDOWS\system32\msvcrt.dll
0x5b410000 - 0x5b431000 	C:\WINDOWS\system32\GLU32.dll
0x73710000 - 0x7375b000 	C:\WINDOWS\system32\DDRAW.dll
0x73b70000 - 0x73b76000 	C:\WINDOWS\system32\DCIMAN32.dll
0x77be0000 - 0x77be8000 	C:\WINDOWS\system32\VERSION.dll
0x773b0000 - 0x774b3000 	C:\WINDOWS\WinSxS\x86_Microsoft.Windows.Common-Controls_6595b64144ccf1df_6.0.2600.6028_x-ww_61e65202\COMCTL32.dll
0x77ea0000 - 0x77f16000 	C:\WINDOWS\system32\SHLWAPI.dll
0x6d0b0000 - 0x6d1fc000 	C:\Arquivos de programas\Java\jdk1.6.0_29\jre\bin\awt.dll
0x72fb0000 - 0x72fd6000 	C:\WINDOWS\system32\WINSPOOL.DRV
0x774c0000 - 0x775fe000 	C:\WINDOWS\system32\ole32.dll
0x68000000 - 0x68036000 	C:\WINDOWS\system32\rsaenh.dll
0x769a0000 - 0x76a55000 	C:\WINDOWS\system32\USERENV.dll
0x5bcb0000 - 0x5bd05000 	C:\WINDOWS\system32\netapi32.dll
0x6d6b0000 - 0x6d6c3000 	C:\Arquivos de programas\Java\jdk1.6.0_29\jre\bin\net.dll
0x71a70000 - 0x71a87000 	C:\WINDOWS\system32\WS2_32.dll
0x71a60000 - 0x71a68000 	C:\WINDOWS\system32\WS2HELP.dll
0x71a10000 - 0x71a50000 	C:\WINDOWS\System32\mswsock.dll
0x76f00000 - 0x76f27000 	C:\WINDOWS\system32\DNSAPI.dll
0x76d40000 - 0x76d59000 	C:\WINDOWS\system32\iphlpapi.dll
0x76f90000 - 0x76f98000 	C:\WINDOWS\System32\winrnr.dll
0x76f40000 - 0x76f6d000 	C:\WINDOWS\system32\WLDAP32.dll
0x76fa0000 - 0x76fa6000 	C:\WINDOWS\system32\rasadhlp.dll
0x6d2e0000 - 0x6d32f000 	C:\Arquivos de programas\Java\jdk1.6.0_29\jre\bin\fontmanager.dll
0x746e0000 - 0x7472c000 	C:\WINDOWS\system32\MSCTF.dll
0x75290000 - 0x752be000 	C:\WINDOWS\system32\msctfime.ime
0x03290000 - 0x03720000 	C:\WINDOWS\system32\s3gIGPgl.dll
0x73ae0000 - 0x73af5000 	C:\WINDOWS\system32\mscms.dll
0x5acf0000 - 0x5ad31000 	C:\WINDOWS\system32\icm32.dll
0x05e40000 - 0x05ea7000 	F:\git\TCC\lwjgl native\native\windows\OpenAL32.dll
0x7c9c0000 - 0x7d1de000 	C:\WINDOWS\system32\SHELL32.dll
0x76fb0000 - 0x7702f000 	C:\WINDOWS\system32\CLBCATQ.DLL
0x77030000 - 0x770fd000 	C:\WINDOWS\system32\COMRes.dll
0x77100000 - 0x7718b000 	C:\WINDOWS\system32\OLEAUT32.dll
0x73ec0000 - 0x73f1c000 	C:\WINDOWS\system32\dsound.dll
0x76c10000 - 0x76c3e000 	C:\WINDOWS\system32\WINTRUST.dll
0x77a60000 - 0x77af6000 	C:\WINDOWS\system32\CRYPT32.dll
0x77b00000 - 0x77b12000 	C:\WINDOWS\system32\MSASN1.dll
0x76c70000 - 0x76c98000 	C:\WINDOWS\system32\IMAGEHLP.dll
0x72cd0000 - 0x72cd9000 	C:\WINDOWS\system32\wdmaud.drv
0x72cc0000 - 0x72cc8000 	C:\WINDOWS\system32\msacm32.drv
0x77bc0000 - 0x77bd5000 	C:\WINDOWS\system32\MSACM32.dll
0x77bb0000 - 0x77bb7000 	C:\WINDOWS\system32\midimap.dll
0x73e90000 - 0x73e94000 	C:\WINDOWS\system32\KsUser.dll
0x76bd0000 - 0x76bdb000 	C:\WINDOWS\system32\PSAPI.DLL

VM Arguments:
jvm_args: -Dfile.encoding=UTF-8 -Djava.library.path=lwjgl native\native\windows 
java_command: tcc.Main
Launcher Type: SUN_STANDARD

Environment Variables:
PATH=C:\WINDOWS\system32;C:\WINDOWS;C:\WINDOWS\System32\Wbem;C:\Arquivos de programas\QuickTime Alternative\QTSystem;C:\Arquivos de programas\TortoiseGit\bin;C:\ARQUIV~1\PICC
USERNAME=maike_p_santos
OS=Windows_NT
PROCESSOR_IDENTIFIER=x86 Family 15 Model 6 Stepping 5, GenuineIntel



---------------  S Y S T E M  ---------------

OS: Windows XP Build 2600 Service Pack 3

CPU:total 2 (1 cores per cpu, 2 threads per core) family 15 model 6 stepping 5, cmov, cx8, fxsr, mmx, sse, sse2, sse3, ht

Memory: 4k page, physical 3275180k(2371920k free), swap 5204788k(4368508k free)

vm_info: Java HotSpot(TM) Client VM (20.4-b02) for windows-x86 JRE (1.6.0_29-b11), built on Oct  3 2011 01:01:08 by "java_re" with MS VC++ 7.1 (VS2003)

time: Tue Nov 27 16:51:31 2012
elapsed time: 7 seconds

