/*C2*/SET SCHEMA PUBLIC
ROLLBACK
DELETE FROM ELEMENTO WHERE ID=0
DELETE FROM ELEMENTO WHERE ID=1
DELETE FROM ELEMENTO WHERE ID=2
DELETE FROM ELEMENTO WHERE ID=3
DELETE FROM ELEMENTO WHERE ID=4
DELETE FROM ELEMENTO WHERE ID=5
DELETE FROM ELEMENTO WHERE ID=6
DELETE FROM ELEMENTO WHERE ID=7
DELETE FROM ELEMENTO WHERE ID=8
DELETE FROM ELEMENTO WHERE ID=9
DELETE FROM ELEMENTO WHERE ID=10
DELETE FROM ELEMENTO WHERE ID=11
DELETE FROM ELEMENTO WHERE ID=12
DELETE FROM ELEMENTO WHERE ID=13
DELETE FROM ELEMENTO WHERE ID=14
DELETE FROM ELEMENTO WHERE ID=15
DELETE FROM ELEMENTO WHERE ID=16
DELETE FROM ELEMENTO WHERE ID=17
INSERT INTO ELEMENTO VALUES(0,' ')
INSERT INTO ELEMENTO VALUES(1,' ')
INSERT INTO ELEMENTO VALUES(2,' ')
INSERT INTO ELEMENTO VALUES(3,' ')
INSERT INTO ELEMENTO VALUES(4,' ')
INSERT INTO ELEMENTO VALUES(5,' ')
INSERT INTO ELEMENTO VALUES(6,' ')
INSERT INTO ELEMENTO VALUES(7,' ')
INSERT INTO ELEMENTO VALUES(8,' ')
INSERT INTO ELEMENTO VALUES(9,' ')
INSERT INTO ELEMENTO VALUES(10,' ')
INSERT INTO ELEMENTO VALUES(11,' ')
INSERT INTO ELEMENTO VALUES(12,' ')
INSERT INTO ELEMENTO VALUES(13,' ')
INSERT INTO ELEMENTO VALUES(14,' ')
INSERT INTO ELEMENTO VALUES(15,' ')
INSERT INTO ELEMENTO VALUES(16,' ')
INSERT INTO ELEMENTO VALUES(17,' ')
COMMIT
DELETE FROM ELEMENTO WHERE ID=0
COMMIT
DELETE FROM ELEMENTO WHERE ID=2
INSERT INTO ELEMENTO VALUES(2,'Normal')
COMMIT
ROLLBACK
DELETE FROM ELEMENTO WHERE ID=3
INSERT INTO ELEMENTO VALUES(3,'Fire')
COMMIT
DELETE FROM ELEMENTO WHERE ID=4
INSERT INTO ELEMENTO VALUES(4,'Fighting')
COMMIT
DELETE FROM ELEMENTO WHERE ID=5
INSERT INTO ELEMENTO VALUES(5,'Water')
COMMIT
DELETE FROM ELEMENTO WHERE ID=6
INSERT INTO ELEMENTO VALUES(6,'Flying')
COMMIT
DELETE FROM ELEMENTO WHERE ID=7
INSERT INTO ELEMENTO VALUES(7,'Grass')
COMMIT
DELETE FROM ELEMENTO WHERE ID=8
INSERT INTO ELEMENTO VALUES(8,'Poison')
COMMIT
DELETE FROM ELEMENTO WHERE ID=9
INSERT INTO ELEMENTO VALUES(9,'Electric')
COMMIT
DELETE FROM ELEMENTO WHERE ID=10
INSERT INTO ELEMENTO VALUES(10,'Ground')
COMMIT
DELETE FROM ELEMENTO WHERE ID=11
INSERT INTO ELEMENTO VALUES(11,'Psychic')
COMMIT
DELETE FROM ELEMENTO WHERE ID=12
INSERT INTO ELEMENTO VALUES(12,'Rock')
COMMIT
DELETE FROM ELEMENTO WHERE ID=13
INSERT INTO ELEMENTO VALUES(13,'Ice')
COMMIT
DELETE FROM ELEMENTO WHERE ID=14
INSERT INTO ELEMENTO VALUES(14,'Bug')
COMMIT
DELETE FROM ELEMENTO WHERE ID=15
INSERT INTO ELEMENTO VALUES(15,'Dragon')
COMMIT
DELETE FROM ELEMENTO WHERE ID=16
INSERT INTO ELEMENTO VALUES(16,'Ghost')
COMMIT
DELETE FROM ELEMENTO WHERE ID=17
INSERT INTO ELEMENTO VALUES(17,'Dark')
COMMIT
INSERT INTO ELEMENTO VALUES(18,'Steel')
COMMIT
