/*C67*/SET SCHEMA PUBLIC
DELETE FROM POKEMONLIBERADO WHERE IDJOGADOR=1 AND IDPOKEMON=16
INSERT INTO POKEMONLIBERADO VALUES(1,16,NULL,NULL,30,NULL,NULL,1965,59,54,71,59,5,285)
COMMIT
/*C101*/SET SCHEMA PUBLIC
DELETE FROM POKEMONLIBERADO WHERE IDJOGADOR=1 AND IDPOKEMON=16
INSERT INTO POKEMONLIBERADO VALUES(1,16,NULL,NULL,30,NULL,NULL,1968,59,54,71,59,5,285)
COMMIT
/*C107*/SET SCHEMA PUBLIC
DELETE FROM POKEMONLIBERADO WHERE IDJOGADOR=1 AND IDPOKEMON=16
INSERT INTO POKEMONLIBERADO VALUES(1,16,NULL,NULL,30,NULL,NULL,1971,59,54,71,59,5,285)
COMMIT
/*C115*/SET SCHEMA PUBLIC
DELETE FROM POKEMONLIBERADO WHERE IDJOGADOR=1 AND IDPOKEMON=16
INSERT INTO POKEMONLIBERADO VALUES(1,16,NULL,NULL,30,NULL,NULL,1974,59,54,71,59,5,285)
COMMIT
/*C121*/SET SCHEMA PUBLIC
DELETE FROM POKEMONLIBERADO WHERE IDJOGADOR=1 AND IDPOKEMON=16
INSERT INTO POKEMONLIBERADO VALUES(1,16,NULL,NULL,30,NULL,NULL,1977,59,54,71,59,5,285)
COMMIT
/*C127*/SET SCHEMA PUBLIC
DELETE FROM POKEMONLIBERADO WHERE IDJOGADOR=1 AND IDPOKEMON=16
INSERT INTO POKEMONLIBERADO VALUES(1,16,NULL,NULL,30,NULL,NULL,1980,59,54,71,59,5,285)
COMMIT
/*C133*/SET SCHEMA PUBLIC
DELETE FROM POKEMONLIBERADO WHERE IDJOGADOR=1 AND IDPOKEMON=16
INSERT INTO POKEMONLIBERADO VALUES(1,16,NULL,NULL,30,NULL,NULL,1983,59,54,71,59,5,285)
COMMIT
/*C139*/SET SCHEMA PUBLIC
DELETE FROM POKEMONLIBERADO WHERE IDJOGADOR=1 AND IDPOKEMON=16
INSERT INTO POKEMONLIBERADO VALUES(1,16,NULL,NULL,30,NULL,NULL,1988,59,54,71,59,5,285)
COMMIT
/*C141*/SET SCHEMA PUBLIC
DELETE FROM POKEMONLIBERADO WHERE IDJOGADOR=1 AND IDPOKEMON=16
INSERT INTO POKEMONLIBERADO VALUES(1,16,NULL,NULL,30,NULL,NULL,1991,59,54,71,59,5,285)
COMMIT
/*C153*/SET SCHEMA PUBLIC
DELETE FROM POKEMONLIBERADO WHERE IDJOGADOR=1 AND IDPOKEMON=16
INSERT INTO POKEMONLIBERADO VALUES(1,16,NULL,NULL,30,NULL,NULL,1996,59,54,71,59,5,285)
COMMIT
/*C159*/SET SCHEMA PUBLIC
DELETE FROM POKEMONLIBERADO WHERE IDJOGADOR=1 AND IDPOKEMON=16
INSERT INTO POKEMONLIBERADO VALUES(1,16,NULL,NULL,30,NULL,NULL,2001,59,54,71,59,5,285)
COMMIT
/*C163*/SET SCHEMA PUBLIC
DELETE FROM POKEMONLIBERADO WHERE IDJOGADOR=1 AND IDPOKEMON=16
INSERT INTO POKEMONLIBERADO VALUES(1,16,NULL,NULL,30,NULL,NULL,2006,59,54,71,59,5,285)
COMMIT
/*C169*/SET SCHEMA PUBLIC
DELETE FROM POKEMONLIBERADO WHERE IDJOGADOR=1 AND IDPOKEMON=16
INSERT INTO POKEMONLIBERADO VALUES(1,16,NULL,NULL,30,NULL,NULL,2011,59,54,71,59,5,285)
COMMIT
/*C175*/SET SCHEMA PUBLIC
DELETE FROM POKEMONLIBERADO WHERE IDJOGADOR=1 AND IDPOKEMON=16
INSERT INTO POKEMONLIBERADO VALUES(1,16,NULL,NULL,30,NULL,NULL,2016,59,54,71,59,5,285)
COMMIT
/*C181*/SET SCHEMA PUBLIC
DELETE FROM POKEMONLIBERADO WHERE IDJOGADOR=1 AND IDPOKEMON=16
INSERT INTO POKEMONLIBERADO VALUES(1,16,NULL,NULL,30,NULL,NULL,2021,59,54,71,59,5,285)
COMMIT
/*C187*/SET SCHEMA PUBLIC
DELETE FROM POKEMONLIBERADO WHERE IDJOGADOR=1 AND IDPOKEMON=16
INSERT INTO POKEMONLIBERADO VALUES(1,16,NULL,NULL,30,NULL,NULL,2026,59,54,71,59,5,285)
COMMIT
/*C193*/SET SCHEMA PUBLIC
DELETE FROM POKEMONLIBERADO WHERE IDJOGADOR=1 AND IDPOKEMON=16
INSERT INTO POKEMONLIBERADO VALUES(1,16,NULL,NULL,30,NULL,NULL,2031,59,54,71,59,5,285)
COMMIT
/*C199*/SET SCHEMA PUBLIC
DELETE FROM POKEMONLIBERADO WHERE IDJOGADOR=1 AND IDPOKEMON=16
INSERT INTO POKEMONLIBERADO VALUES(1,16,NULL,NULL,30,NULL,NULL,2036,59,54,71,59,5,285)
COMMIT
/*C202*/SET SCHEMA PUBLIC
DELETE FROM POKEMONLIBERADO WHERE IDJOGADOR=1 AND IDPOKEMON=16
INSERT INTO POKEMONLIBERADO VALUES(1,16,NULL,NULL,30,NULL,NULL,2036,59,54,71,59,5,635)
COMMIT
/*C203*/SET SCHEMA PUBLIC
DELETE FROM POKEMONLIBERADO WHERE IDJOGADOR=1 AND IDPOKEMON=16
INSERT INTO POKEMONLIBERADO VALUES(1,16,NULL,NULL,30,NULL,NULL,2036,59,54,71,59,6,635)
COMMIT
/*C206*/SET SCHEMA PUBLIC
DELETE FROM POKEMONLIBERADO WHERE IDJOGADOR=1 AND IDPOKEMON=16
INSERT INTO POKEMONLIBERADO VALUES(1,16,NULL,NULL,30,NULL,NULL,2036,61,55,73,60,6,635)
COMMIT
/*C202*/DELETE FROM POKEMONLIBERADO WHERE IDJOGADOR=1 AND IDPOKEMON=16
INSERT INTO POKEMONLIBERADO VALUES(1,16,NULL,NULL,31,NULL,NULL,2036,61,55,73,60,6,635)
COMMIT
DELETE FROM POKEMONDERROTADO WHERE ID=16
INSERT INTO POKEMONDERROTADO VALUES(16,31,16)
COMMIT
/*C216*/SET SCHEMA PUBLIC
DELETE FROM POKEMONLIBERADO WHERE IDJOGADOR=1 AND IDPOKEMON=16
INSERT INTO POKEMONLIBERADO VALUES(1,16,NULL,NULL,31,NULL,NULL,2041,61,55,73,60,6,635)
COMMIT
/*C228*/SET SCHEMA PUBLIC
DELETE FROM POKEMONLIBERADO WHERE IDJOGADOR=1 AND IDPOKEMON=16
INSERT INTO POKEMONLIBERADO VALUES(1,16,NULL,NULL,31,NULL,NULL,2050,61,55,73,60,6,635)
COMMIT
/*C232*/SET SCHEMA PUBLIC
DELETE FROM POKEMONLIBERADO WHERE IDJOGADOR=1 AND IDPOKEMON=16
INSERT INTO POKEMONLIBERADO VALUES(1,16,NULL,NULL,31,NULL,NULL,2059,61,55,73,60,6,635)
COMMIT
/*C236*/SET SCHEMA PUBLIC
DELETE FROM POKEMONLIBERADO WHERE IDJOGADOR=1 AND IDPOKEMON=16
INSERT INTO POKEMONLIBERADO VALUES(1,16,NULL,NULL,31,NULL,NULL,2068,61,55,73,60,6,635)
COMMIT
/*C240*/SET SCHEMA PUBLIC
DELETE FROM POKEMONLIBERADO WHERE IDJOGADOR=1 AND IDPOKEMON=16
INSERT INTO POKEMONLIBERADO VALUES(1,16,NULL,NULL,31,NULL,NULL,2077,61,55,73,60,6,635)
COMMIT
/*C248*/SET SCHEMA PUBLIC
DELETE FROM POKEMONLIBERADO WHERE IDJOGADOR=1 AND IDPOKEMON=16
INSERT INTO POKEMONLIBERADO VALUES(1,16,NULL,NULL,31,NULL,NULL,2085,61,55,73,60,6,635)
COMMIT
/*C252*/SET SCHEMA PUBLIC
DELETE FROM POKEMONLIBERADO WHERE IDJOGADOR=1 AND IDPOKEMON=16
INSERT INTO POKEMONLIBERADO VALUES(1,16,NULL,NULL,31,NULL,NULL,2094,61,55,73,60,6,635)
COMMIT
/*C256*/SET SCHEMA PUBLIC
DELETE FROM POKEMONLIBERADO WHERE IDJOGADOR=1 AND IDPOKEMON=16
INSERT INTO POKEMONLIBERADO VALUES(1,16,NULL,NULL,31,NULL,NULL,2103,61,55,73,60,6,635)
COMMIT
/*C262*/SET SCHEMA PUBLIC
DELETE FROM POKEMONLIBERADO WHERE IDJOGADOR=1 AND IDPOKEMON=16
INSERT INTO POKEMONLIBERADO VALUES(1,16,NULL,NULL,31,NULL,NULL,2113,61,55,73,60,6,635)
COMMIT
/*C268*/SET SCHEMA PUBLIC
DELETE FROM POKEMONLIBERADO WHERE IDJOGADOR=1 AND IDPOKEMON=16
INSERT INTO POKEMONLIBERADO VALUES(1,16,NULL,NULL,31,NULL,NULL,2122,61,55,73,60,6,635)
COMMIT
/*C272*/SET SCHEMA PUBLIC
DELETE FROM POKEMONLIBERADO WHERE IDJOGADOR=1 AND IDPOKEMON=16
INSERT INTO POKEMONLIBERADO VALUES(1,16,NULL,NULL,31,NULL,NULL,2131,61,55,73,60,6,635)
COMMIT
/*C280*/SET SCHEMA PUBLIC
DELETE FROM POKEMONLIBERADO WHERE IDJOGADOR=1 AND IDPOKEMON=16
INSERT INTO POKEMONLIBERADO VALUES(1,16,NULL,NULL,31,NULL,NULL,2140,61,55,73,60,6,635)
COMMIT
/*C283*/SET SCHEMA PUBLIC
DELETE FROM POKEMONLIBERADO WHERE IDJOGADOR=1 AND IDPOKEMON=16
INSERT INTO POKEMONLIBERADO VALUES(1,16,NULL,NULL,31,NULL,NULL,2140,61,55,73,60,6,960)
COMMIT
/*C284*/SET SCHEMA PUBLIC
DELETE FROM POKEMONLIBERADO WHERE IDJOGADOR=1 AND IDPOKEMON=16
INSERT INTO POKEMONLIBERADO VALUES(1,16,NULL,NULL,31,NULL,NULL,2140,61,55,73,60,7,960)
COMMIT
/*C287*/SET SCHEMA PUBLIC
DELETE FROM POKEMONLIBERADO WHERE IDJOGADOR=1 AND IDPOKEMON=16
INSERT INTO POKEMONLIBERADO VALUES(1,16,NULL,NULL,31,NULL,NULL,2140,63,57,75,62,7,960)
COMMIT
/*C283*/DELETE FROM POKEMONLIBERADO WHERE IDJOGADOR=1 AND IDPOKEMON=16
INSERT INTO POKEMONLIBERADO VALUES(1,16,NULL,NULL,32,NULL,NULL,2140,63,57,75,62,7,960)
COMMIT
DELETE FROM POKEMONDERROTADO WHERE ID=39
INSERT INTO POKEMONDERROTADO VALUES(39,5,39)
COMMIT
/*C299*/SET SCHEMA PUBLIC
DELETE FROM POKEMONLIBERADO WHERE IDJOGADOR=1 AND IDPOKEMON=16
INSERT INTO POKEMONLIBERADO VALUES(1,16,NULL,NULL,32,NULL,NULL,2144,63,57,75,62,7,960)
COMMIT
/*C309*/SET SCHEMA PUBLIC
DELETE FROM POKEMONLIBERADO WHERE IDJOGADOR=1 AND IDPOKEMON=16
INSERT INTO POKEMONLIBERADO VALUES(1,16,NULL,NULL,32,NULL,NULL,2148,63,57,75,62,7,960)
COMMIT
/*C317*/SET SCHEMA PUBLIC
DELETE FROM POKEMONLIBERADO WHERE IDJOGADOR=1 AND IDPOKEMON=16
INSERT INTO POKEMONLIBERADO VALUES(1,16,NULL,NULL,32,NULL,NULL,2152,63,57,75,62,7,960)
COMMIT
/*C323*/SET SCHEMA PUBLIC
DELETE FROM POKEMONLIBERADO WHERE IDJOGADOR=1 AND IDPOKEMON=16
INSERT INTO POKEMONLIBERADO VALUES(1,16,NULL,NULL,32,NULL,NULL,2156,63,57,75,62,7,960)
COMMIT
/*C329*/SET SCHEMA PUBLIC
DELETE FROM POKEMONLIBERADO WHERE IDJOGADOR=1 AND IDPOKEMON=16
INSERT INTO POKEMONLIBERADO VALUES(1,16,NULL,NULL,32,NULL,NULL,2160,63,57,75,62,7,960)
COMMIT
/*C335*/SET SCHEMA PUBLIC
DELETE FROM POKEMONLIBERADO WHERE IDJOGADOR=1 AND IDPOKEMON=16
INSERT INTO POKEMONLIBERADO VALUES(1,16,NULL,NULL,32,NULL,NULL,2164,63,57,75,62,7,960)
COMMIT
/*C343*/SET SCHEMA PUBLIC
DELETE FROM POKEMONLIBERADO WHERE IDJOGADOR=1 AND IDPOKEMON=16
INSERT INTO POKEMONLIBERADO VALUES(1,16,NULL,NULL,32,NULL,NULL,2168,63,57,75,62,7,960)
COMMIT
/*C349*/SET SCHEMA PUBLIC
DELETE FROM POKEMONLIBERADO WHERE IDJOGADOR=1 AND IDPOKEMON=16
INSERT INTO POKEMONLIBERADO VALUES(1,16,NULL,NULL,32,NULL,NULL,2172,63,57,75,62,7,960)
COMMIT
/*C357*/SET SCHEMA PUBLIC
DELETE FROM POKEMONLIBERADO WHERE IDJOGADOR=1 AND IDPOKEMON=16
INSERT INTO POKEMONLIBERADO VALUES(1,16,NULL,NULL,32,NULL,NULL,2176,63,57,75,62,7,960)
COMMIT
/*C361*/SET SCHEMA PUBLIC
DELETE FROM POKEMONLIBERADO WHERE IDJOGADOR=1 AND IDPOKEMON=16
INSERT INTO POKEMONLIBERADO VALUES(1,16,NULL,NULL,32,NULL,NULL,2180,63,57,75,62,7,960)
COMMIT
/*C369*/SET SCHEMA PUBLIC
DELETE FROM POKEMONLIBERADO WHERE IDJOGADOR=1 AND IDPOKEMON=16
INSERT INTO POKEMONLIBERADO VALUES(1,16,NULL,NULL,32,NULL,NULL,2184,63,57,75,62,7,960)
COMMIT
/*C375*/SET SCHEMA PUBLIC
DELETE FROM POKEMONLIBERADO WHERE IDJOGADOR=1 AND IDPOKEMON=16
INSERT INTO POKEMONLIBERADO VALUES(1,16,NULL,NULL,32,NULL,NULL,2188,63,57,75,62,7,960)
COMMIT
/*C383*/SET SCHEMA PUBLIC
DELETE FROM POKEMONLIBERADO WHERE IDJOGADOR=1 AND IDPOKEMON=16
INSERT INTO POKEMONLIBERADO VALUES(1,16,NULL,NULL,32,NULL,NULL,2192,63,57,75,62,7,960)
COMMIT
/*C391*/SET SCHEMA PUBLIC
DELETE FROM POKEMONLIBERADO WHERE IDJOGADOR=1 AND IDPOKEMON=16
INSERT INTO POKEMONLIBERADO VALUES(1,16,NULL,NULL,32,NULL,NULL,2196,63,57,75,62,7,960)
COMMIT
/*C395*/SET SCHEMA PUBLIC
DELETE FROM POKEMONLIBERADO WHERE IDJOGADOR=1 AND IDPOKEMON=16
INSERT INTO POKEMONLIBERADO VALUES(1,16,NULL,NULL,32,NULL,NULL,2200,63,57,75,62,7,960)
COMMIT
/*C399*/SET SCHEMA PUBLIC
DELETE FROM POKEMONLIBERADO WHERE IDJOGADOR=1 AND IDPOKEMON=16
INSERT INTO POKEMONLIBERADO VALUES(1,16,NULL,NULL,32,NULL,NULL,2205,63,57,75,62,7,960)
COMMIT
/*C403*/SET SCHEMA PUBLIC
DELETE FROM POKEMONLIBERADO WHERE IDJOGADOR=1 AND IDPOKEMON=16
INSERT INTO POKEMONLIBERADO VALUES(1,16,NULL,NULL,32,NULL,NULL,2209,63,57,75,62,7,960)
COMMIT
/*C409*/SET SCHEMA PUBLIC
DELETE FROM POKEMONLIBERADO WHERE IDJOGADOR=1 AND IDPOKEMON=16
INSERT INTO POKEMONLIBERADO VALUES(1,16,NULL,NULL,32,NULL,NULL,2213,63,57,75,62,7,960)
COMMIT
/*C412*/SET SCHEMA PUBLIC
DELETE FROM POKEMONLIBERADO WHERE IDJOGADOR=1 AND IDPOKEMON=16
INSERT INTO POKEMONLIBERADO VALUES(1,16,NULL,NULL,32,NULL,NULL,2213,63,57,75,62,7,1785)
COMMIT
/*C413*/SET SCHEMA PUBLIC
DELETE FROM POKEMONLIBERADO WHERE IDJOGADOR=1 AND IDPOKEMON=16
INSERT INTO POKEMONLIBERADO VALUES(1,16,NULL,NULL,32,NULL,NULL,2213,63,57,75,62,8,1785)
COMMIT
/*C416*/SET SCHEMA PUBLIC
DELETE FROM POKEMONLIBERADO WHERE IDJOGADOR=1 AND IDPOKEMON=16
INSERT INTO POKEMONLIBERADO VALUES(1,16,NULL,NULL,32,NULL,NULL,2213,65,59,77,64,8,1785)
COMMIT
/*C412*/DELETE FROM POKEMONLIBERADO WHERE IDJOGADOR=1 AND IDPOKEMON=16
INSERT INTO POKEMONLIBERADO VALUES(1,16,NULL,NULL,33,NULL,NULL,2213,65,59,77,64,8,1785)
COMMIT
DELETE FROM POKEMONDERROTADO WHERE ID=36
INSERT INTO POKEMONDERROTADO VALUES(36,2,36)
COMMIT
/*C430*/SET SCHEMA PUBLIC
DELETE FROM POKEMONLIBERADO WHERE IDJOGADOR=1 AND IDPOKEMON=16
INSERT INTO POKEMONLIBERADO VALUES(1,16,NULL,NULL,33,NULL,NULL,2220,65,59,77,64,8,1785)
COMMIT
/*C436*/SET SCHEMA PUBLIC
DELETE FROM POKEMONLIBERADO WHERE IDJOGADOR=1 AND IDPOKEMON=16
INSERT INTO POKEMONLIBERADO VALUES(1,16,NULL,NULL,33,NULL,NULL,2227,65,59,77,64,8,1785)
COMMIT
/*C440*/SET SCHEMA PUBLIC
DELETE FROM POKEMONLIBERADO WHERE IDJOGADOR=1 AND IDPOKEMON=16
INSERT INTO POKEMONLIBERADO VALUES(1,16,NULL,NULL,33,NULL,NULL,2235,65,59,77,64,8,1785)
COMMIT
/*C446*/SET SCHEMA PUBLIC
DELETE FROM POKEMONLIBERADO WHERE IDJOGADOR=1 AND IDPOKEMON=16
INSERT INTO POKEMONLIBERADO VALUES(1,16,NULL,NULL,33,NULL,NULL,2242,65,59,77,64,8,1785)
COMMIT
/*C450*/SET SCHEMA PUBLIC
DELETE FROM POKEMONLIBERADO WHERE IDJOGADOR=1 AND IDPOKEMON=16
INSERT INTO POKEMONLIBERADO VALUES(1,16,NULL,NULL,33,NULL,NULL,2249,65,59,77,64,8,1785)
COMMIT
/*C453*/SET SCHEMA PUBLIC
DELETE FROM POKEMONLIBERADO WHERE IDJOGADOR=1 AND IDPOKEMON=16
INSERT INTO POKEMONLIBERADO VALUES(1,16,NULL,NULL,33,NULL,NULL,2249,65,59,77,64,8,2055)
COMMIT
/*C454*/SET SCHEMA PUBLIC
DELETE FROM POKEMONLIBERADO WHERE IDJOGADOR=1 AND IDPOKEMON=16
INSERT INTO POKEMONLIBERADO VALUES(1,16,NULL,NULL,33,NULL,NULL,2249,65,59,77,64,9,2055)
COMMIT
/*C457*/SET SCHEMA PUBLIC
DELETE FROM POKEMONLIBERADO WHERE IDJOGADOR=1 AND IDPOKEMON=16
INSERT INTO POKEMONLIBERADO VALUES(1,16,NULL,NULL,33,NULL,NULL,2249,67,61,80,66,9,2055)
COMMIT
/*C453*/DELETE FROM POKEMONLIBERADO WHERE IDJOGADOR=1 AND IDPOKEMON=16
INSERT INTO POKEMONLIBERADO VALUES(1,16,NULL,NULL,34,NULL,NULL,2249,67,61,80,66,9,2055)
COMMIT
ROLLBACK
/*C468*/SET SCHEMA PUBLIC
DELETE FROM POKEMONLIBERADO WHERE IDJOGADOR=1 AND IDPOKEMON=16
INSERT INTO POKEMONLIBERADO VALUES(1,16,NULL,NULL,34,NULL,NULL,2256,67,61,80,66,9,2055)
COMMIT
/*C472*/SET SCHEMA PUBLIC
DELETE FROM POKEMONLIBERADO WHERE IDJOGADOR=1 AND IDPOKEMON=16
INSERT INTO POKEMONLIBERADO VALUES(1,16,NULL,NULL,34,NULL,NULL,2263,67,61,80,66,9,2055)
COMMIT
/*C478*/SET SCHEMA PUBLIC
DELETE FROM POKEMONLIBERADO WHERE IDJOGADOR=1 AND IDPOKEMON=16
INSERT INTO POKEMONLIBERADO VALUES(1,16,NULL,NULL,34,NULL,NULL,2270,67,61,80,66,9,2055)
COMMIT
/*C486*/SET SCHEMA PUBLIC
DELETE FROM POKEMONLIBERADO WHERE IDJOGADOR=1 AND IDPOKEMON=16
INSERT INTO POKEMONLIBERADO VALUES(1,16,NULL,NULL,34,NULL,NULL,2274,67,61,80,66,9,2055)
COMMIT
/*C490*/SET SCHEMA PUBLIC
DELETE FROM POKEMONLIBERADO WHERE IDJOGADOR=1 AND IDPOKEMON=16
INSERT INTO POKEMONLIBERADO VALUES(1,16,NULL,NULL,34,NULL,NULL,2281,67,61,80,66,9,2055)
COMMIT
/*C496*/SET SCHEMA PUBLIC
DELETE FROM POKEMONLIBERADO WHERE IDJOGADOR=1 AND IDPOKEMON=16
INSERT INTO POKEMONLIBERADO VALUES(1,16,NULL,NULL,34,NULL,NULL,2287,67,61,80,66,9,2055)
COMMIT
/*C502*/SET SCHEMA PUBLIC
DELETE FROM POKEMONLIBERADO WHERE IDJOGADOR=1 AND IDPOKEMON=16
INSERT INTO POKEMONLIBERADO VALUES(1,16,NULL,NULL,34,NULL,NULL,2294,67,61,80,66,9,2055)
COMMIT
/*C508*/SET SCHEMA PUBLIC
DELETE FROM POKEMONLIBERADO WHERE IDJOGADOR=1 AND IDPOKEMON=16
INSERT INTO POKEMONLIBERADO VALUES(1,16,NULL,NULL,34,NULL,NULL,2301,67,61,80,66,9,2055)
COMMIT
/*C514*/SET SCHEMA PUBLIC
DELETE FROM POKEMONLIBERADO WHERE IDJOGADOR=1 AND IDPOKEMON=16
INSERT INTO POKEMONLIBERADO VALUES(1,16,NULL,NULL,34,NULL,NULL,2308,67,61,80,66,9,2055)
COMMIT
/*C520*/SET SCHEMA PUBLIC
DELETE FROM POKEMONLIBERADO WHERE IDJOGADOR=1 AND IDPOKEMON=16
INSERT INTO POKEMONLIBERADO VALUES(1,16,NULL,NULL,34,NULL,NULL,2314,67,61,80,66,9,2055)
COMMIT
/*C526*/SET SCHEMA PUBLIC
DELETE FROM POKEMONLIBERADO WHERE IDJOGADOR=1 AND IDPOKEMON=16
INSERT INTO POKEMONLIBERADO VALUES(1,16,NULL,NULL,34,NULL,NULL,2321,67,61,80,66,9,2055)
COMMIT
/*C532*/SET SCHEMA PUBLIC
DELETE FROM POKEMONLIBERADO WHERE IDJOGADOR=1 AND IDPOKEMON=16
INSERT INTO POKEMONLIBERADO VALUES(1,16,NULL,NULL,34,NULL,NULL,2329,67,61,80,66,9,2055)
COMMIT
/*C538*/SET SCHEMA PUBLIC
DELETE FROM POKEMONLIBERADO WHERE IDJOGADOR=1 AND IDPOKEMON=16
INSERT INTO POKEMONLIBERADO VALUES(1,16,NULL,NULL,34,NULL,NULL,2336,67,61,80,66,9,2055)
COMMIT
/*C546*/SET SCHEMA PUBLIC
DELETE FROM POKEMONLIBERADO WHERE IDJOGADOR=1 AND IDPOKEMON=16
INSERT INTO POKEMONLIBERADO VALUES(1,16,NULL,NULL,34,NULL,NULL,2343,67,61,80,66,9,2055)
COMMIT
/*C552*/SET SCHEMA PUBLIC
DELETE FROM POKEMONLIBERADO WHERE IDJOGADOR=1 AND IDPOKEMON=16
INSERT INTO POKEMONLIBERADO VALUES(1,16,NULL,NULL,34,NULL,NULL,2349,67,61,80,66,9,2055)
COMMIT
/*C556*/SET SCHEMA PUBLIC
DELETE FROM POKEMONLIBERADO WHERE IDJOGADOR=1 AND IDPOKEMON=16
INSERT INTO POKEMONLIBERADO VALUES(1,16,NULL,NULL,34,NULL,NULL,2356,67,61,80,66,9,2055)
COMMIT
/*C559*/SET SCHEMA PUBLIC
DELETE FROM POKEMONLIBERADO WHERE IDJOGADOR=1 AND IDPOKEMON=16
INSERT INTO POKEMONLIBERADO VALUES(1,16,NULL,NULL,34,NULL,NULL,2356,67,61,80,66,9,2345)
COMMIT
/*C560*/SET SCHEMA PUBLIC
DELETE FROM POKEMONLIBERADO WHERE IDJOGADOR=1 AND IDPOKEMON=16
INSERT INTO POKEMONLIBERADO VALUES(1,16,NULL,NULL,34,NULL,NULL,2356,67,61,80,66,10,2345)
COMMIT
/*C563*/SET SCHEMA PUBLIC
DELETE FROM POKEMONLIBERADO WHERE IDJOGADOR=1 AND IDPOKEMON=16
INSERT INTO POKEMONLIBERADO VALUES(1,16,NULL,NULL,34,NULL,NULL,2356,69,63,82,68,10,2345)
COMMIT
/*C559*/DELETE FROM POKEMONLIBERADO WHERE IDJOGADOR=1 AND IDPOKEMON=16
INSERT INTO POKEMONLIBERADO VALUES(1,16,NULL,NULL,35,NULL,NULL,2356,69,63,82,68,10,2345)
COMMIT
DELETE FROM POKEMONDERROTADO WHERE ID=35
INSERT INTO POKEMONDERROTADO VALUES(35,4,35)
COMMIT
/*C576*/SET SCHEMA PUBLIC
DELETE FROM POKEMONLIBERADO WHERE IDJOGADOR=1 AND IDPOKEMON=16
INSERT INTO POKEMONLIBERADO VALUES(1,16,NULL,NULL,35,NULL,NULL,2367,69,63,82,68,10,2345)
COMMIT
/*C582*/SET SCHEMA PUBLIC
DELETE FROM POKEMONLIBERADO WHERE IDJOGADOR=1 AND IDPOKEMON=16
INSERT INTO POKEMONLIBERADO VALUES(1,16,NULL,NULL,35,NULL,NULL,2377,69,63,82,68,10,2345)
COMMIT
/*C588*/SET SCHEMA PUBLIC
DELETE FROM POKEMONLIBERADO WHERE IDJOGADOR=1 AND IDPOKEMON=16
INSERT INTO POKEMONLIBERADO VALUES(1,16,NULL,NULL,35,NULL,NULL,2387,69,63,82,68,10,2345)
COMMIT
/*C594*/SET SCHEMA PUBLIC
DELETE FROM POKEMONLIBERADO WHERE IDJOGADOR=1 AND IDPOKEMON=16
INSERT INTO POKEMONLIBERADO VALUES(1,16,NULL,NULL,35,NULL,NULL,2398,69,63,82,68,10,2345)
COMMIT
/*C598*/SET SCHEMA PUBLIC
DELETE FROM POKEMONLIBERADO WHERE IDJOGADOR=1 AND IDPOKEMON=16
INSERT INTO POKEMONLIBERADO VALUES(1,16,NULL,NULL,35,NULL,NULL,2409,69,63,82,68,10,2345)
COMMIT
/*C601*/SET SCHEMA PUBLIC
DELETE FROM POKEMONLIBERADO WHERE IDJOGADOR=1 AND IDPOKEMON=16
INSERT INTO POKEMONLIBERADO VALUES(1,16,NULL,NULL,35,NULL,NULL,2409,69,63,82,68,10,2715)
COMMIT
/*C602*/SET SCHEMA PUBLIC
DELETE FROM POKEMONLIBERADO WHERE IDJOGADOR=1 AND IDPOKEMON=16
INSERT INTO POKEMONLIBERADO VALUES(1,16,NULL,NULL,35,NULL,NULL,2409,69,63,82,68,11,2715)
COMMIT
/*C605*/SET SCHEMA PUBLIC
DELETE FROM POKEMONLIBERADO WHERE IDJOGADOR=1 AND IDPOKEMON=16
INSERT INTO POKEMONLIBERADO VALUES(1,16,NULL,NULL,35,NULL,NULL,2409,70,64,84,69,11,2715)
COMMIT
/*C601*/DELETE FROM POKEMONLIBERADO WHERE IDJOGADOR=1 AND IDPOKEMON=16
INSERT INTO POKEMONLIBERADO VALUES(1,16,NULL,NULL,36,NULL,NULL,2409,70,64,84,69,11,2715)
COMMIT
DELETE FROM POKEMONDERROTADO WHERE ID=21
INSERT INTO POKEMONDERROTADO VALUES(21,24,21)
COMMIT
/*C616*/SET SCHEMA PUBLIC
DELETE FROM POKEMONLIBERADO WHERE IDJOGADOR=1 AND IDPOKEMON=16
INSERT INTO POKEMONLIBERADO VALUES(1,16,NULL,NULL,36,NULL,NULL,2415,70,64,84,69,11,2715)
COMMIT
/*C624*/SET SCHEMA PUBLIC
DELETE FROM POKEMONLIBERADO WHERE IDJOGADOR=1 AND IDPOKEMON=16
INSERT INTO POKEMONLIBERADO VALUES(1,16,NULL,NULL,36,NULL,NULL,2420,70,64,84,69,11,2715)
COMMIT
/*C628*/SET SCHEMA PUBLIC
DELETE FROM POKEMONLIBERADO WHERE IDJOGADOR=1 AND IDPOKEMON=16
INSERT INTO POKEMONLIBERADO VALUES(1,16,NULL,NULL,36,NULL,NULL,2425,70,64,84,69,11,2715)
COMMIT
/*C634*/SET SCHEMA PUBLIC
DELETE FROM POKEMONLIBERADO WHERE IDJOGADOR=1 AND IDPOKEMON=16
INSERT INTO POKEMONLIBERADO VALUES(1,16,NULL,NULL,36,NULL,NULL,2430,70,64,84,69,11,2715)
COMMIT
/*C640*/SET SCHEMA PUBLIC
DELETE FROM POKEMONLIBERADO WHERE IDJOGADOR=1 AND IDPOKEMON=16
INSERT INTO POKEMONLIBERADO VALUES(1,16,NULL,NULL,36,NULL,NULL,2435,70,64,84,69,11,2715)
COMMIT
/*C646*/SET SCHEMA PUBLIC
DELETE FROM POKEMONLIBERADO WHERE IDJOGADOR=1 AND IDPOKEMON=16
INSERT INTO POKEMONLIBERADO VALUES(1,16,NULL,NULL,36,NULL,NULL,2440,70,64,84,69,11,2715)
COMMIT
/*C656*/SET SCHEMA PUBLIC
DELETE FROM POKEMONLIBERADO WHERE IDJOGADOR=1 AND IDPOKEMON=16
INSERT INTO POKEMONLIBERADO VALUES(1,16,NULL,NULL,36,NULL,NULL,2448,70,64,84,69,11,2715)
COMMIT
/*C664*/SET SCHEMA PUBLIC
DELETE FROM POKEMONLIBERADO WHERE IDJOGADOR=1 AND IDPOKEMON=16
INSERT INTO POKEMONLIBERADO VALUES(1,16,NULL,NULL,36,NULL,NULL,2457,70,64,84,69,11,2715)
COMMIT
/*C670*/SET SCHEMA PUBLIC
DELETE FROM POKEMONLIBERADO WHERE IDJOGADOR=1 AND IDPOKEMON=16
INSERT INTO POKEMONLIBERADO VALUES(1,16,NULL,NULL,36,NULL,NULL,2467,70,64,84,69,11,2715)
COMMIT
/*C676*/SET SCHEMA PUBLIC
DELETE FROM POKEMONLIBERADO WHERE IDJOGADOR=1 AND IDPOKEMON=16
INSERT INTO POKEMONLIBERADO VALUES(1,16,NULL,NULL,36,NULL,NULL,2477,70,64,84,69,11,2715)
COMMIT
/*C682*/SET SCHEMA PUBLIC
DELETE FROM POKEMONLIBERADO WHERE IDJOGADOR=1 AND IDPOKEMON=16
INSERT INTO POKEMONLIBERADO VALUES(1,16,NULL,NULL,36,NULL,NULL,2488,70,64,84,69,11,2715)
COMMIT
/*C688*/SET SCHEMA PUBLIC
DELETE FROM POKEMONLIBERADO WHERE IDJOGADOR=1 AND IDPOKEMON=16
INSERT INTO POKEMONLIBERADO VALUES(1,16,NULL,NULL,36,NULL,NULL,2498,70,64,84,69,11,2715)
COMMIT
/*C692*/SET SCHEMA PUBLIC
DELETE FROM POKEMONLIBERADO WHERE IDJOGADOR=1 AND IDPOKEMON=16
INSERT INTO POKEMONLIBERADO VALUES(1,16,NULL,NULL,36,NULL,NULL,2508,70,64,84,69,11,2715)
COMMIT
/*C695*/SET SCHEMA PUBLIC
DELETE FROM POKEMONLIBERADO WHERE IDJOGADOR=1 AND IDPOKEMON=16
INSERT INTO POKEMONLIBERADO VALUES(1,16,NULL,NULL,36,NULL,NULL,2508,70,64,84,69,11,3045)
COMMIT
/*C696*/SET SCHEMA PUBLIC
DELETE FROM POKEMONLIBERADO WHERE IDJOGADOR=1 AND IDPOKEMON=16
INSERT INTO POKEMONLIBERADO VALUES(1,16,NULL,NULL,36,NULL,NULL,2508,70,64,84,69,12,3045)
COMMIT
/*C699*/SET SCHEMA PUBLIC
DELETE FROM POKEMONLIBERADO WHERE IDJOGADOR=1 AND IDPOKEMON=16
INSERT INTO POKEMONLIBERADO VALUES(1,16,NULL,NULL,36,NULL,NULL,2508,72,66,86,71,12,3045)
COMMIT
/*C695*/DELETE FROM POKEMONLIBERADO WHERE IDJOGADOR=1 AND IDPOKEMON=16
INSERT INTO POKEMONLIBERADO VALUES(1,16,NULL,NULL,37,NULL,NULL,2508,72,66,86,71,12,3045)
COMMIT
DELETE FROM POKEMONDERROTADO WHERE ID=21
INSERT INTO POKEMONDERROTADO VALUES(21,25,21)
COMMIT
/*C711*/SET SCHEMA PUBLIC
DELETE FROM POKEMONLIBERADO WHERE IDJOGADOR=1 AND IDPOKEMON=16
INSERT INTO POKEMONLIBERADO VALUES(1,16,NULL,NULL,37,NULL,NULL,2517,72,66,86,71,12,3045)
COMMIT
/*C715*/SET SCHEMA PUBLIC
DELETE FROM POKEMONLIBERADO WHERE IDJOGADOR=1 AND IDPOKEMON=16
INSERT INTO POKEMONLIBERADO VALUES(1,16,NULL,NULL,37,NULL,NULL,2526,72,66,86,71,12,3045)
COMMIT
/*C721*/SET SCHEMA PUBLIC
DELETE FROM POKEMONLIBERADO WHERE IDJOGADOR=1 AND IDPOKEMON=16
INSERT INTO POKEMONLIBERADO VALUES(1,16,NULL,NULL,37,NULL,NULL,2535,72,66,86,71,12,3045)
COMMIT
/*C727*/SET SCHEMA PUBLIC
DELETE FROM POKEMONLIBERADO WHERE IDJOGADOR=1 AND IDPOKEMON=16
INSERT INTO POKEMONLIBERADO VALUES(1,16,NULL,NULL,37,NULL,NULL,2544,72,66,86,71,12,3045)
COMMIT
/*C731*/SET SCHEMA PUBLIC
DELETE FROM POKEMONLIBERADO WHERE IDJOGADOR=1 AND IDPOKEMON=16
INSERT INTO POKEMONLIBERADO VALUES(1,16,NULL,NULL,37,NULL,NULL,2553,72,66,86,71,12,3045)
COMMIT
/*C737*/SET SCHEMA PUBLIC
DELETE FROM POKEMONLIBERADO WHERE IDJOGADOR=1 AND IDPOKEMON=16
INSERT INTO POKEMONLIBERADO VALUES(1,16,NULL,NULL,37,NULL,NULL,2563,72,66,86,71,12,3045)
COMMIT
/*C743*/SET SCHEMA PUBLIC
DELETE FROM POKEMONLIBERADO WHERE IDJOGADOR=1 AND IDPOKEMON=16
INSERT INTO POKEMONLIBERADO VALUES(1,16,NULL,NULL,37,NULL,NULL,2572,72,66,86,71,12,3045)
COMMIT
/*C749*/SET SCHEMA PUBLIC
DELETE FROM POKEMONLIBERADO WHERE IDJOGADOR=1 AND IDPOKEMON=16
INSERT INTO POKEMONLIBERADO VALUES(1,16,NULL,NULL,37,NULL,NULL,2581,72,66,86,71,12,3045)
COMMIT
/*C755*/SET SCHEMA PUBLIC
DELETE FROM POKEMONLIBERADO WHERE IDJOGADOR=1 AND IDPOKEMON=16
INSERT INTO POKEMONLIBERADO VALUES(1,16,NULL,NULL,37,NULL,NULL,2591,72,66,86,71,12,3045)
COMMIT
/*C761*/SET SCHEMA PUBLIC
DELETE FROM POKEMONLIBERADO WHERE IDJOGADOR=1 AND IDPOKEMON=16
INSERT INTO POKEMONLIBERADO VALUES(1,16,NULL,NULL,37,NULL,NULL,2601,72,66,86,71,12,3045)
COMMIT
/*C767*/SET SCHEMA PUBLIC
DELETE FROM POKEMONLIBERADO WHERE IDJOGADOR=1 AND IDPOKEMON=16
INSERT INTO POKEMONLIBERADO VALUES(1,16,NULL,NULL,37,NULL,NULL,2611,72,66,86,71,12,3045)
COMMIT
/*C773*/SET SCHEMA PUBLIC
DELETE FROM POKEMONLIBERADO WHERE IDJOGADOR=1 AND IDPOKEMON=16
INSERT INTO POKEMONLIBERADO VALUES(1,16,NULL,NULL,37,NULL,NULL,2621,72,66,86,71,12,3045)
COMMIT
/*C779*/SET SCHEMA PUBLIC
DELETE FROM POKEMONLIBERADO WHERE IDJOGADOR=1 AND IDPOKEMON=16
INSERT INTO POKEMONLIBERADO VALUES(1,16,NULL,NULL,37,NULL,NULL,2631,72,66,86,71,12,3045)
COMMIT
/*C785*/SET SCHEMA PUBLIC
DELETE FROM POKEMONLIBERADO WHERE IDJOGADOR=1 AND IDPOKEMON=16
INSERT INTO POKEMONLIBERADO VALUES(1,16,NULL,NULL,37,NULL,NULL,2641,72,66,86,71,12,3045)
COMMIT
/*C788*/SET SCHEMA PUBLIC
DELETE FROM POKEMONLIBERADO WHERE IDJOGADOR=1 AND IDPOKEMON=16
INSERT INTO POKEMONLIBERADO VALUES(1,16,NULL,NULL,37,NULL,NULL,2641,72,66,86,71,12,3450)
COMMIT
DELETE FROM POKEMONLIBERADO WHERE IDJOGADOR=1 AND IDPOKEMON=16
INSERT INTO POKEMONLIBERADO VALUES(1,16,NULL,NULL,38,NULL,NULL,2641,72,66,86,71,12,3450)
COMMIT
DELETE FROM POKEMONDERROTADO WHERE ID=19
INSERT INTO POKEMONDERROTADO VALUES(19,16,19)
COMMIT
/*C799*/SET SCHEMA PUBLIC
DELETE FROM POKEMONLIBERADO WHERE IDJOGADOR=1 AND IDPOKEMON=16
INSERT INTO POKEMONLIBERADO VALUES(1,16,NULL,NULL,38,NULL,NULL,2646,72,66,86,71,12,3450)
COMMIT
/*C807*/SET SCHEMA PUBLIC
DELETE FROM POKEMONLIBERADO WHERE IDJOGADOR=1 AND IDPOKEMON=16
INSERT INTO POKEMONLIBERADO VALUES(1,16,NULL,NULL,38,NULL,NULL,2651,72,66,86,71,12,3450)
COMMIT
/*C811*/SET SCHEMA PUBLIC
DELETE FROM POKEMONLIBERADO WHERE IDJOGADOR=1 AND IDPOKEMON=16
INSERT INTO POKEMONLIBERADO VALUES(1,16,NULL,NULL,38,NULL,NULL,2656,72,66,86,71,12,3450)
COMMIT
/*C819*/SET SCHEMA PUBLIC
DELETE FROM POKEMONLIBERADO WHERE IDJOGADOR=1 AND IDPOKEMON=16
INSERT INTO POKEMONLIBERADO VALUES(1,16,NULL,NULL,38,NULL,NULL,2662,72,66,86,71,12,3450)
COMMIT
/*C828*/SET SCHEMA PUBLIC
DELETE FROM POKEMONLIBERADO WHERE IDJOGADOR=1 AND IDPOKEMON=16
INSERT INTO POKEMONLIBERADO VALUES(1,16,NULL,NULL,38,NULL,NULL,2662,72,66,86,71,12,3450)
COMMIT
/*C849*/SET SCHEMA PUBLIC
DELETE FROM POKEMONLIBERADO WHERE IDJOGADOR=1 AND IDPOKEMON=16
INSERT INTO POKEMONLIBERADO VALUES(1,16,NULL,NULL,38,NULL,NULL,2668,72,66,86,71,12,3450)
COMMIT
/*C854*/SET SCHEMA PUBLIC
DELETE FROM POKEMONLIBERADO WHERE IDJOGADOR=1 AND IDPOKEMON=16
INSERT INTO POKEMONLIBERADO VALUES(1,16,NULL,NULL,38,NULL,NULL,2674,72,66,86,71,12,3450)
COMMIT
/*C862*/SET SCHEMA PUBLIC
DELETE FROM POKEMONLIBERADO WHERE IDJOGADOR=1 AND IDPOKEMON=16
INSERT INTO POKEMONLIBERADO VALUES(1,16,NULL,NULL,38,NULL,NULL,2680,72,66,86,71,12,3450)
COMMIT
/*C869*/SET SCHEMA PUBLIC
DELETE FROM POKEMONLIBERADO WHERE IDJOGADOR=1 AND IDPOKEMON=16
INSERT INTO POKEMONLIBERADO VALUES(1,16,NULL,NULL,38,NULL,NULL,2686,72,66,86,71,12,3450)
COMMIT
/*C876*/SET SCHEMA PUBLIC
DELETE FROM POKEMONLIBERADO WHERE IDJOGADOR=1 AND IDPOKEMON=16
INSERT INTO POKEMONLIBERADO VALUES(1,16,NULL,NULL,38,NULL,NULL,2692,72,66,86,71,12,3450)
COMMIT
/*C884*/SET SCHEMA PUBLIC
DELETE FROM POKEMONLIBERADO WHERE IDJOGADOR=1 AND IDPOKEMON=16
INSERT INTO POKEMONLIBERADO VALUES(1,16,NULL,NULL,38,NULL,NULL,2698,72,66,86,71,12,3450)
COMMIT
/*C893*/SET SCHEMA PUBLIC
DELETE FROM POKEMONLIBERADO WHERE IDJOGADOR=1 AND IDPOKEMON=16
INSERT INTO POKEMONLIBERADO VALUES(1,16,NULL,NULL,38,NULL,NULL,2704,72,66,86,71,12,3450)
COMMIT
/*C901*/SET SCHEMA PUBLIC
DELETE FROM POKEMONLIBERADO WHERE IDJOGADOR=1 AND IDPOKEMON=16
INSERT INTO POKEMONLIBERADO VALUES(1,16,NULL,NULL,38,NULL,NULL,2710,72,66,86,71,12,3450)
COMMIT
/*C907*/SET SCHEMA PUBLIC
DELETE FROM POKEMONLIBERADO WHERE IDJOGADOR=1 AND IDPOKEMON=16
INSERT INTO POKEMONLIBERADO VALUES(1,16,NULL,NULL,38,NULL,NULL,2716,72,66,86,71,12,3450)
COMMIT
/*C910*/SET SCHEMA PUBLIC
DELETE FROM POKEMONLIBERADO WHERE IDJOGADOR=1 AND IDPOKEMON=16
INSERT INTO POKEMONLIBERADO VALUES(1,16,NULL,NULL,38,NULL,NULL,2716,72,66,86,71,12,4060)
COMMIT
/*C911*/SET SCHEMA PUBLIC
DELETE FROM POKEMONLIBERADO WHERE IDJOGADOR=1 AND IDPOKEMON=16
INSERT INTO POKEMONLIBERADO VALUES(1,16,NULL,NULL,38,NULL,NULL,2716,72,66,86,71,13,4060)
COMMIT
/*C914*/SET SCHEMA PUBLIC
DELETE FROM POKEMONLIBERADO WHERE IDJOGADOR=1 AND IDPOKEMON=16
INSERT INTO POKEMONLIBERADO VALUES(1,16,NULL,NULL,38,NULL,NULL,2716,74,68,88,73,13,4060)
COMMIT
/*C910*/DELETE FROM POKEMONLIBERADO WHERE IDJOGADOR=1 AND IDPOKEMON=16
INSERT INTO POKEMONLIBERADO VALUES(1,16,NULL,NULL,39,NULL,NULL,2716,74,68,88,73,13,4060)
COMMIT
ROLLBACK
/*C928*/SET SCHEMA PUBLIC
DELETE FROM POKEMONLIBERADO WHERE IDJOGADOR=1 AND IDPOKEMON=16
INSERT INTO POKEMONLIBERADO VALUES(1,16,NULL,NULL,39,NULL,NULL,2724,74,68,88,73,13,4060)
COMMIT
/*C938*/SET SCHEMA PUBLIC
DELETE FROM POKEMONLIBERADO WHERE IDJOGADOR=1 AND IDPOKEMON=16
INSERT INTO POKEMONLIBERADO VALUES(1,16,NULL,NULL,39,NULL,NULL,2733,74,68,88,73,13,4060)
COMMIT
/*C948*/SET SCHEMA PUBLIC
DELETE FROM POKEMONLIBERADO WHERE IDJOGADOR=1 AND IDPOKEMON=16
INSERT INTO POKEMONLIBERADO VALUES(1,16,NULL,NULL,39,NULL,NULL,2741,74,68,88,73,13,4060)
COMMIT
/*C956*/SET SCHEMA PUBLIC
DELETE FROM POKEMONLIBERADO WHERE IDJOGADOR=1 AND IDPOKEMON=16
INSERT INTO POKEMONLIBERADO VALUES(1,16,NULL,NULL,39,NULL,NULL,2749,74,68,88,73,13,4060)
COMMIT
/*C964*/SET SCHEMA PUBLIC
DELETE FROM POKEMONLIBERADO WHERE IDJOGADOR=1 AND IDPOKEMON=16
INSERT INTO POKEMONLIBERADO VALUES(1,16,NULL,NULL,39,NULL,NULL,2757,74,68,88,73,13,4060)
COMMIT
/*C974*/SET SCHEMA PUBLIC
DELETE FROM POKEMONLIBERADO WHERE IDJOGADOR=1 AND IDPOKEMON=16
INSERT INTO POKEMONLIBERADO VALUES(1,16,NULL,NULL,39,NULL,NULL,2764,74,68,88,73,13,4060)
COMMIT
/*C980*/SET SCHEMA PUBLIC
DELETE FROM POKEMONLIBERADO WHERE IDJOGADOR=1 AND IDPOKEMON=16
INSERT INTO POKEMONLIBERADO VALUES(1,16,NULL,NULL,39,NULL,NULL,2772,74,68,88,73,13,4060)
COMMIT
/*C988*/SET SCHEMA PUBLIC
DELETE FROM POKEMONLIBERADO WHERE IDJOGADOR=1 AND IDPOKEMON=16
INSERT INTO POKEMONLIBERADO VALUES(1,16,NULL,NULL,39,NULL,NULL,2780,74,68,88,73,13,4060)
COMMIT
/*C991*/SET SCHEMA PUBLIC
DELETE FROM POKEMONLIBERADO WHERE IDJOGADOR=1 AND IDPOKEMON=16
INSERT INTO POKEMONLIBERADO VALUES(1,16,NULL,NULL,39,NULL,NULL,2780,74,68,88,73,13,5105)
COMMIT
/*C992*/SET SCHEMA PUBLIC
DELETE FROM POKEMONLIBERADO WHERE IDJOGADOR=1 AND IDPOKEMON=16
INSERT INTO POKEMONLIBERADO VALUES(1,16,NULL,NULL,39,NULL,NULL,2780,74,68,88,73,14,5105)
COMMIT
/*C995*/SET SCHEMA PUBLIC
DELETE FROM POKEMONLIBERADO WHERE IDJOGADOR=1 AND IDPOKEMON=16
INSERT INTO POKEMONLIBERADO VALUES(1,16,NULL,NULL,39,NULL,NULL,2780,76,70,90,75,14,5105)
COMMIT
/*C991*/DELETE FROM POKEMONLIBERADO WHERE IDJOGADOR=1 AND IDPOKEMON=16
INSERT INTO POKEMONLIBERADO VALUES(1,16,NULL,NULL,40,NULL,NULL,2780,76,70,90,75,14,5105)
COMMIT
DELETE FROM POKEMONDERROTADO WHERE ID=26
INSERT INTO POKEMONDERROTADO VALUES(26,24,26)
COMMIT
/*C1005*/SET SCHEMA PUBLIC
DELETE FROM POKEMONLIBERADO WHERE IDJOGADOR=1 AND IDPOKEMON=16
INSERT INTO POKEMONLIBERADO VALUES(1,16,NULL,NULL,40,NULL,NULL,2787,76,70,90,75,14,5105)
COMMIT
/*C1011*/SET SCHEMA PUBLIC
DELETE FROM POKEMONLIBERADO WHERE IDJOGADOR=1 AND IDPOKEMON=16
INSERT INTO POKEMONLIBERADO VALUES(1,16,NULL,NULL,40,NULL,NULL,2794,76,70,90,75,14,5105)
COMMIT
/*C1015*/SET SCHEMA PUBLIC
DELETE FROM POKEMONLIBERADO WHERE IDJOGADOR=1 AND IDPOKEMON=16
INSERT INTO POKEMONLIBERADO VALUES(1,16,NULL,NULL,40,NULL,NULL,2801,76,70,90,75,14,5105)
COMMIT
/*C1021*/SET SCHEMA PUBLIC
DELETE FROM POKEMONLIBERADO WHERE IDJOGADOR=1 AND IDPOKEMON=16
INSERT INTO POKEMONLIBERADO VALUES(1,16,NULL,NULL,40,NULL,NULL,2807,76,70,90,75,14,5105)
COMMIT
/*C1025*/SET SCHEMA PUBLIC
DELETE FROM POKEMONLIBERADO WHERE IDJOGADOR=1 AND IDPOKEMON=16
INSERT INTO POKEMONLIBERADO VALUES(1,16,NULL,NULL,40,NULL,NULL,2814,76,70,90,75,14,5105)
COMMIT
/*C1031*/SET SCHEMA PUBLIC
DELETE FROM POKEMONLIBERADO WHERE IDJOGADOR=1 AND IDPOKEMON=16
INSERT INTO POKEMONLIBERADO VALUES(1,16,NULL,NULL,40,NULL,NULL,2821,76,70,90,75,14,5105)
COMMIT
/*C1037*/SET SCHEMA PUBLIC
DELETE FROM POKEMONLIBERADO WHERE IDJOGADOR=1 AND IDPOKEMON=16
INSERT INTO POKEMONLIBERADO VALUES(1,16,NULL,NULL,40,NULL,NULL,2827,76,70,90,75,14,5105)
COMMIT
/*C1041*/SET SCHEMA PUBLIC
DELETE FROM POKEMONLIBERADO WHERE IDJOGADOR=1 AND IDPOKEMON=16
INSERT INTO POKEMONLIBERADO VALUES(1,16,NULL,NULL,40,NULL,NULL,2834,76,70,90,75,14,5105)
COMMIT
/*C1044*/SET SCHEMA PUBLIC
DELETE FROM POKEMONLIBERADO WHERE IDJOGADOR=1 AND IDPOKEMON=16
INSERT INTO POKEMONLIBERADO VALUES(1,16,NULL,NULL,40,NULL,NULL,2834,76,70,90,75,14,5810)
COMMIT
/*C1045*/SET SCHEMA PUBLIC
DELETE FROM POKEMONLIBERADO WHERE IDJOGADOR=1 AND IDPOKEMON=16
INSERT INTO POKEMONLIBERADO VALUES(1,16,NULL,NULL,40,NULL,NULL,2834,76,70,90,75,15,5810)
COMMIT
/*C1048*/SET SCHEMA PUBLIC
DELETE FROM POKEMONLIBERADO WHERE IDJOGADOR=1 AND IDPOKEMON=16
INSERT INTO POKEMONLIBERADO VALUES(1,16,NULL,NULL,40,NULL,NULL,2834,78,72,92,77,15,5810)
COMMIT
/*C1044*/DELETE FROM POKEMONLIBERADO WHERE IDJOGADOR=1 AND IDPOKEMON=16
INSERT INTO POKEMONLIBERADO VALUES(1,16,NULL,NULL,41,NULL,NULL,2834,78,72,92,77,15,5810)
COMMIT
ROLLBACK
